Arguments: 
  C:\Program Files\nodejs\node.exe C:\Program Files (x86)\Yarn\bin\yarn.js install

PATH: 
  C:\ProgramData\DockerDesktop\version-bin;C:\Program Files\Docker\Docker\Resources\bin;C:\Program Files (x86)\NetSarang\Xshell 6\;C:\Windows\system32;C:\Windows;C:\Windows\System32\Wbem;C:\Windows\System32\WindowsPowerShell\v1.0\;C:\Windows\System32\OpenSSH\;C:\Program Files (x86)\Subversion\bin;C:\Program Files\nodejs\;C:\Program Files (x86)\Yarn\bin\;C:\Program Files\TortoiseSVN\bin;C:\Program Files\Git\cmd;C:\Program Files\Java\jdk-11.0.5\bin;C:\Program Files\Java\jdk-11.0.5\jre\bin;C:\Users\wangsen\AppData\Local\Microsoft\WindowsApps;;C:\Users\wangsen\AppData\Local\Programs\Microsoft VS Code\bin;C:\Users\wangsen\AppData\Roaming\npm;C:\Users\wangsen\AppData\Local\Yarn\bin;C:\Users\wangsen\AppData\Local\Programs\Fiddler;C:\Users\wangsen\.deno\bin

Yarn version: 
  1.19.1

Node version: 
  12.13.0

Platform: 
  win32 x64

Trace: 
  Error: connect ETIMEDOUT 104.16.24.35:443
      at TCPConnectWrap.afterConnect [as oncomplete] (net.js:1128:14)

npm manifest: 
  {
    "name": "visual-config",
  	"displayName": "Visual Config",
  	"description": "Visual configuration",
  	"version": "0.0.1",
  	"engines": {
  		"vscode": "^1.48.0"
  	},
  	"categories": [
  		"Other"
  	],
  	"activationEvents": [
          "onCommand:visual-config.helloWorld"
  	],
  	"main": "./extension.js",
  	"contributes": {
  		"commands": [{
              "command": "visual-config.helloWorld",
              "title": "Hello World"
  
  		}]
  	},
  	"scripts": {
  		"lint": "eslint .",
  		"pretest": "yarn run lint",
  		"test": "node ./test/runTest.js"
  	},
  	"devDependencies": {
          "@types/vscode": "^1.48.0",
          "@types/glob": "^7.1.3",
          "@types/mocha": "^8.0.0",
          "@types/node": "^14.0.27",
          "eslint": "^7.6.0",
          "glob": "^7.1.6",
          "mocha": "^8.0.1",
          "typescript": "^3.8.3",
          "vscode-test": "^1.4.0"
      }
  
  }

yarn manifest: 
  No manifest

Lockfile: 
  No lockfile
